-- The C compiler identification is GNU 11.3.0
-- The CXX compiler identification is GNU 11.3.0
-- Detecting C compiler ABI info
-- Detecting C compiler ABI info - done
-- Check for working C compiler: /usr/bin/cc - skipped
-- Detecting C compile features
-- Detecting C compile features - done
-- Detecting CXX compiler ABI info
-- Detecting CXX compiler ABI info - done
-- Check for working CXX compiler: /usr/bin/c++ - skipped
-- Detecting CXX compile features
-- Detecting CXX compile features - done
-- Found ament_cmake: 1.3.2 (/opt/ros/humble/share/ament_cmake/cmake)
-- Found Python3: /usr/bin/python3.10 (found version "3.10.6") found components: Interpreter 
-- Found pluginlib: 5.1.0 (/opt/ros/humble/share/pluginlib/cmake)
-- Found hardware_interface: 2.20.0 (/opt/ros/humble/share/hardware_interface/cmake)
-- Found rosidl_generator_c: 3.1.3 (/opt/ros/humble/share/rosidl_generator_c/cmake)
-- Found rosidl_adapter: 3.1.3 (/opt/ros/humble/share/rosidl_adapter/cmake)
-- Found rosidl_generator_cpp: 3.1.3 (/opt/ros/humble/share/rosidl_generator_cpp/cmake)
-- Using all available rosidl_typesupport_c: rosidl_typesupport_fastrtps_c;rosidl_typesupport_introspection_c
-- Using all available rosidl_typesupport_cpp: rosidl_typesupport_fastrtps_cpp;rosidl_typesupport_introspection_cpp
-- Found rmw_implementation_cmake: 6.1.0 (/opt/ros/humble/share/rmw_implementation_cmake/cmake)
-- Found rmw_fastrtps_cpp: 6.2.1 (/opt/ros/humble/share/rmw_fastrtps_cpp/cmake)
-- Found OpenSSL: /usr/lib/aarch64-linux-gnu/libcrypto.so (found version "3.0.2")  
-- Found FastRTPS: /opt/ros/humble/include  
-- Using RMW implementation 'rmw_fastrtps_cpp' as default
-- Found ament_lint_auto: 0.12.4 (/opt/ros/humble/share/ament_lint_auto/cmake)
-- Added test 'cppcheck' to perform static code analysis on C / C++ code
-- Configured cppcheck include dirs: 
-- Configured cppcheck exclude dirs and/or files: 
-- Added test 'lint_cmake' to check CMake code style
-- Added test 'uncrustify' to check C / C++ code style
-- Configured uncrustify additional arguments: 
-- Added test 'xmllint' to check XML markup files
-- Configuring done
-- Generating done
-- Build files have been written to: /media/psf/GitHub/rhea_ws/src/pi3hat_hardware_interface/build/pi3hat_hardware_interface
-- Install configuration: ""
-- Installing: /media/psf/GitHub/rhea_ws/src/pi3hat_hardware_interface/install/pi3hat_hardware_interface/share/ament_index/resource_index/package_run_dependencies/pi3hat_hardware_interface
-- Installing: /media/psf/GitHub/rhea_ws/src/pi3hat_hardware_interface/install/pi3hat_hardware_interface/share/ament_index/resource_index/parent_prefix_path/pi3hat_hardware_interface
-- Installing: /media/psf/GitHub/rhea_ws/src/pi3hat_hardware_interface/install/pi3hat_hardware_interface/share/pi3hat_hardware_interface/environment/ament_prefix_path.sh
-- Installing: /media/psf/GitHub/rhea_ws/src/pi3hat_hardware_interface/install/pi3hat_hardware_interface/share/pi3hat_hardware_interface/environment/ament_prefix_path.dsv
-- Installing: /media/psf/GitHub/rhea_ws/src/pi3hat_hardware_interface/install/pi3hat_hardware_interface/share/pi3hat_hardware_interface/environment/path.sh
-- Installing: /media/psf/GitHub/rhea_ws/src/pi3hat_hardware_interface/install/pi3hat_hardware_interface/share/pi3hat_hardware_interface/environment/path.dsv
-- Installing: /media/psf/GitHub/rhea_ws/src/pi3hat_hardware_interface/install/pi3hat_hardware_interface/share/pi3hat_hardware_interface/local_setup.bash
-- Installing: /media/psf/GitHub/rhea_ws/src/pi3hat_hardware_interface/install/pi3hat_hardware_interface/share/pi3hat_hardware_interface/local_setup.sh
-- Installing: /media/psf/GitHub/rhea_ws/src/pi3hat_hardware_interface/install/pi3hat_hardware_interface/share/pi3hat_hardware_interface/local_setup.zsh
-- Installing: /media/psf/GitHub/rhea_ws/src/pi3hat_hardware_interface/install/pi3hat_hardware_interface/share/pi3hat_hardware_interface/local_setup.dsv
-- Installing: /media/psf/GitHub/rhea_ws/src/pi3hat_hardware_interface/install/pi3hat_hardware_interface/share/pi3hat_hardware_interface/package.dsv
-- Installing: /media/psf/GitHub/rhea_ws/src/pi3hat_hardware_interface/install/pi3hat_hardware_interface/share/ament_index/resource_index/packages/pi3hat_hardware_interface
-- Installing: /media/psf/GitHub/rhea_ws/src/pi3hat_hardware_interface/install/pi3hat_hardware_interface/share/pi3hat_hardware_interface/cmake/pi3hat_hardware_interfaceConfig.cmake
-- Installing: /media/psf/GitHub/rhea_ws/src/pi3hat_hardware_interface/install/pi3hat_hardware_interface/share/pi3hat_hardware_interface/cmake/pi3hat_hardware_interfaceConfig-version.cmake
-- Installing: /media/psf/GitHub/rhea_ws/src/pi3hat_hardware_interface/install/pi3hat_hardware_interface/share/pi3hat_hardware_interface/package.xml
