[0.017s] Invoking command in '/media/psf/GitHub/rhea_ws/src/pi3hat_hardware_interface/build/pi3hat_hardware_interface': CMAKE_PREFIX_PATH=/opt/ros/humble CONDA_PROMPT_MODIFIER=(base) /usr/bin/cmake --build /media/psf/GitHub/rhea_ws/src/pi3hat_hardware_interface/build/pi3hat_hardware_interface -- -j8 -l8
[0.069s] [35m[1mConsolidate compiler generated dependencies of target pi3hat_hardware_interface[0m
[0.217s] [ 50%] [32mBuilding CXX object CMakeFiles/pi3hat_hardware_interface.dir/src/pi3hat_hardware_interface.cpp.o[0m
[0.818s] In file included from [01m[K/media/psf/GitHub/rhea_ws/src/pi3hat_hardware_interface/src/pi3hat_hardware_interface.cpp:1[m[K:
[0.819s] [01m[K/media/psf/GitHub/rhea_ws/src/pi3hat_hardware_interface/include/pi3hat_hardware_interface/pi3hat_hardware_interface.hpp:24:57:[m[K [01;35m[Kwarning: [m[Kextra ‘[01m[K;[m[K’ [[01;35m[K]8;;https://gcc.gnu.org/onlinedocs/gcc/Warning-Options.html#index-Wpedantic-Wpedantic]8;;[m[K]
[0.819s]    24 |   RCLCPP_SHARED_PTR_DEFINITIONS(Pi3HatHardwareInterface)[01;35m[K;[m[K
[0.820s]       |                                                         [01;35m[K^[m[K
[0.820s]       |                                                         [31m[K-[m[K
[2.707s] [100%] [32m[1mLinking CXX shared library libpi3hat_hardware_interface.so[0m
[2.884s] [100%] Built target pi3hat_hardware_interface
[2.896s] Invoked command in '/media/psf/GitHub/rhea_ws/src/pi3hat_hardware_interface/build/pi3hat_hardware_interface' returned '0': CMAKE_PREFIX_PATH=/opt/ros/humble CONDA_PROMPT_MODIFIER=(base) /usr/bin/cmake --build /media/psf/GitHub/rhea_ws/src/pi3hat_hardware_interface/build/pi3hat_hardware_interface -- -j8 -l8
[2.934s] Invoking command in '/media/psf/GitHub/rhea_ws/src/pi3hat_hardware_interface/build/pi3hat_hardware_interface': CMAKE_PREFIX_PATH=/opt/ros/humble CONDA_PROMPT_MODIFIER=(base) /usr/bin/cmake --install /media/psf/GitHub/rhea_ws/src/pi3hat_hardware_interface/build/pi3hat_hardware_interface
[2.942s] -- Install configuration: ""
[2.943s] -- Installing: /media/psf/GitHub/rhea_ws/src/pi3hat_hardware_interface/install/pi3hat_hardware_interface/share/pi3hat_hardware_interface/pi3hat_hardware_interface.xml
[2.947s] -- Installing: /media/psf/GitHub/rhea_ws/src/pi3hat_hardware_interface/install/pi3hat_hardware_interface/lib/libpi3hat_hardware_interface.so
[2.965s] -- Set runtime path of "/media/psf/GitHub/rhea_ws/src/pi3hat_hardware_interface/install/pi3hat_hardware_interface/lib/libpi3hat_hardware_interface.so" to ""
[2.965s] -- Installing: /media/psf/GitHub/rhea_ws/src/pi3hat_hardware_interface/install/pi3hat_hardware_interface/include
[2.966s] -- Installing: /media/psf/GitHub/rhea_ws/src/pi3hat_hardware_interface/install/pi3hat_hardware_interface/include/pi3hat_hardware_interface
[2.967s] -- Installing: /media/psf/GitHub/rhea_ws/src/pi3hat_hardware_interface/install/pi3hat_hardware_interface/include/pi3hat_hardware_interface/pi3hat.h
[2.970s] -- Installing: /media/psf/GitHub/rhea_ws/src/pi3hat_hardware_interface/install/pi3hat_hardware_interface/include/pi3hat_hardware_interface/pi3hat.cpp
[2.974s] -- Installing: /media/psf/GitHub/rhea_ws/src/pi3hat_hardware_interface/install/pi3hat_hardware_interface/include/pi3hat_hardware_interface/pi3hat_hardware_interface.hpp
[2.976s] -- Installing: /media/psf/GitHub/rhea_ws/src/pi3hat_hardware_interface/install/pi3hat_hardware_interface/share/pi3hat_hardware_interface/environment/library_path.sh
[2.978s] -- Installing: /media/psf/GitHub/rhea_ws/src/pi3hat_hardware_interface/install/pi3hat_hardware_interface/share/pi3hat_hardware_interface/environment/library_path.dsv
[2.981s] -- Up-to-date: /media/psf/GitHub/rhea_ws/src/pi3hat_hardware_interface/install/pi3hat_hardware_interface/share/ament_index/resource_index/package_run_dependencies/pi3hat_hardware_interface
[2.982s] -- Up-to-date: /media/psf/GitHub/rhea_ws/src/pi3hat_hardware_interface/install/pi3hat_hardware_interface/share/ament_index/resource_index/parent_prefix_path/pi3hat_hardware_interface
[2.982s] -- Up-to-date: /media/psf/GitHub/rhea_ws/src/pi3hat_hardware_interface/install/pi3hat_hardware_interface/share/pi3hat_hardware_interface/environment/ament_prefix_path.sh
[2.983s] -- Installing: /media/psf/GitHub/rhea_ws/src/pi3hat_hardware_interface/install/pi3hat_hardware_interface/share/pi3hat_hardware_interface/environment/ament_prefix_path.dsv
[2.985s] -- Up-to-date: /media/psf/GitHub/rhea_ws/src/pi3hat_hardware_interface/install/pi3hat_hardware_interface/share/pi3hat_hardware_interface/environment/path.sh
[2.986s] -- Installing: /media/psf/GitHub/rhea_ws/src/pi3hat_hardware_interface/install/pi3hat_hardware_interface/share/pi3hat_hardware_interface/environment/path.dsv
[2.988s] -- Up-to-date: /media/psf/GitHub/rhea_ws/src/pi3hat_hardware_interface/install/pi3hat_hardware_interface/share/pi3hat_hardware_interface/local_setup.bash
[2.989s] -- Installing: /media/psf/GitHub/rhea_ws/src/pi3hat_hardware_interface/install/pi3hat_hardware_interface/share/pi3hat_hardware_interface/local_setup.sh
[2.991s] -- Up-to-date: /media/psf/GitHub/rhea_ws/src/pi3hat_hardware_interface/install/pi3hat_hardware_interface/share/pi3hat_hardware_interface/local_setup.zsh
[2.992s] -- Installing: /media/psf/GitHub/rhea_ws/src/pi3hat_hardware_interface/install/pi3hat_hardware_interface/share/pi3hat_hardware_interface/local_setup.dsv
[2.994s] -- Installing: /media/psf/GitHub/rhea_ws/src/pi3hat_hardware_interface/install/pi3hat_hardware_interface/share/pi3hat_hardware_interface/package.dsv
[2.996s] -- Up-to-date: /media/psf/GitHub/rhea_ws/src/pi3hat_hardware_interface/install/pi3hat_hardware_interface/share/ament_index/resource_index/packages/pi3hat_hardware_interface
[2.997s] -- Installing: /media/psf/GitHub/rhea_ws/src/pi3hat_hardware_interface/install/pi3hat_hardware_interface/share/ament_index/resource_index/hardware_interface__pluginlib__plugin/pi3hat_hardware_interface
[3.000s] -- Installing: /media/psf/GitHub/rhea_ws/src/pi3hat_hardware_interface/install/pi3hat_hardware_interface/share/pi3hat_hardware_interface/cmake/ament_cmake_export_include_directories-extras.cmake
[3.003s] -- Installing: /media/psf/GitHub/rhea_ws/src/pi3hat_hardware_interface/install/pi3hat_hardware_interface/share/pi3hat_hardware_interface/cmake/ament_cmake_export_libraries-extras.cmake
[3.005s] -- Installing: /media/psf/GitHub/rhea_ws/src/pi3hat_hardware_interface/install/pi3hat_hardware_interface/share/pi3hat_hardware_interface/cmake/ament_cmake_export_dependencies-extras.cmake
[3.008s] -- Installing: /media/psf/GitHub/rhea_ws/src/pi3hat_hardware_interface/install/pi3hat_hardware_interface/share/pi3hat_hardware_interface/cmake/pi3hat_hardware_interfaceConfig.cmake
[3.010s] -- Up-to-date: /media/psf/GitHub/rhea_ws/src/pi3hat_hardware_interface/install/pi3hat_hardware_interface/share/pi3hat_hardware_interface/cmake/pi3hat_hardware_interfaceConfig-version.cmake
[3.010s] -- Up-to-date: /media/psf/GitHub/rhea_ws/src/pi3hat_hardware_interface/install/pi3hat_hardware_interface/share/pi3hat_hardware_interface/package.xml
[3.013s] Invoked command in '/media/psf/GitHub/rhea_ws/src/pi3hat_hardware_interface/build/pi3hat_hardware_interface' returned '0': CMAKE_PREFIX_PATH=/opt/ros/humble CONDA_PROMPT_MODIFIER=(base) /usr/bin/cmake --install /media/psf/GitHub/rhea_ws/src/pi3hat_hardware_interface/build/pi3hat_hardware_interface
