[0.205s] DEBUG:colcon:Command line arguments: ['/usr/bin/colcon', 'build']
[0.205s] DEBUG:colcon:Parsed command line arguments: Namespace(log_base=None, log_level=None, verb_name='build', build_base='build', install_base='install', merge_install=False, symlink_install=False, test_result_base=None, continue_on_error=False, executor='parallel', parallel_workers=8, event_handlers=None, ignore_user_meta=False, metas=['./colcon.meta'], base_paths=['.'], packages_ignore=None, packages_ignore_regex=None, paths=None, packages_up_to=None, packages_up_to_regex=None, packages_above=None, packages_above_and_dependencies=None, packages_above_depth=None, packages_select_by_dep=None, packages_skip_by_dep=None, packages_skip_up_to=None, packages_select_build_failed=False, packages_skip_build_finished=False, packages_select_test_failures=False, packages_skip_test_passed=False, packages_select=None, packages_skip=None, packages_select_regex=None, packages_skip_regex=None, packages_start=None, packages_end=None, allow_overriding=[], cmake_args=None, cmake_target=None, cmake_target_skip_unavailable=False, cmake_clean_cache=False, cmake_clean_first=False, cmake_force_configure=False, ament_cmake_args=None, catkin_cmake_args=None, catkin_skip_building_tests=False, verb_parser=<colcon_defaults.argument_parser.defaults.DefaultArgumentsDecorator object at 0xffff85fe59f0>, verb_extension=<colcon_core.verb.build.BuildVerb object at 0xffff869d09a0>, main=<bound method BuildVerb.main of <colcon_core.verb.build.BuildVerb object at 0xffff869d09a0>>)
[0.229s] Level 1:colcon.colcon_core.package_discovery:discover_packages(colcon_meta) check parameters
[0.229s] Level 1:colcon.colcon_core.package_discovery:discover_packages(recursive) check parameters
[0.229s] Level 1:colcon.colcon_core.package_discovery:discover_packages(ignore) check parameters
[0.229s] Level 1:colcon.colcon_core.package_discovery:discover_packages(path) check parameters
[0.229s] Level 1:colcon.colcon_core.package_discovery:discover_packages(colcon_meta) discover
[0.229s] Level 1:colcon.colcon_core.package_discovery:discover_packages(recursive) discover
[0.230s] INFO:colcon.colcon_core.package_discovery:Crawling recursively for packages in '/media/psf/GitHub/rhea_ws/src/pi3hat_hardware_interface'
[0.230s] Level 1:colcon.colcon_core.package_identification:_identify(.) by extensions ['ignore', 'ignore_ament_install']
[0.230s] Level 1:colcon.colcon_core.package_identification:_identify(.) by extension 'ignore'
[0.230s] Level 1:colcon.colcon_core.package_identification:_identify(.) by extension 'ignore_ament_install'
[0.231s] Level 1:colcon.colcon_core.package_identification:_identify(.) by extensions ['colcon_pkg']
[0.231s] Level 1:colcon.colcon_core.package_identification:_identify(.) by extension 'colcon_pkg'
[0.231s] Level 1:colcon.colcon_core.package_identification:_identify(.) by extensions ['colcon_meta']
[0.231s] Level 1:colcon.colcon_core.package_identification:_identify(.) by extension 'colcon_meta'
[0.231s] Level 1:colcon.colcon_core.package_identification:_identify(.) by extensions ['ros']
[0.231s] Level 1:colcon.colcon_core.package_identification:_identify(.) by extension 'ros'
[0.242s] DEBUG:colcon.colcon_core.package_identification:Package '.' with type 'ros.ament_cmake' and name 'pi3hat_hardware_interface'
[0.242s] Level 1:colcon.colcon_core.package_discovery:discover_packages(recursive) using defaults
[0.242s] Level 1:colcon.colcon_core.package_discovery:discover_packages(ignore) discover
[0.242s] Level 1:colcon.colcon_core.package_discovery:discover_packages(ignore) using defaults
[0.242s] Level 1:colcon.colcon_core.package_discovery:discover_packages(path) discover
[0.242s] Level 1:colcon.colcon_core.package_discovery:discover_packages(path) using defaults
[0.258s] Level 1:colcon.colcon_core.package_discovery:discover_packages(prefix_path) check parameters
[0.258s] Level 1:colcon.colcon_core.package_discovery:discover_packages(prefix_path) discover
[0.260s] DEBUG:colcon.colcon_installed_package_information.package_discovery:Found 310 installed packages in /opt/ros/humble
[0.262s] Level 1:colcon.colcon_core.package_discovery:discover_packages(prefix_path) using defaults
[0.304s] Level 5:colcon.colcon_core.verb:set package 'pi3hat_hardware_interface' build argument 'cmake_args' from command line to 'None'
[0.304s] Level 5:colcon.colcon_core.verb:set package 'pi3hat_hardware_interface' build argument 'cmake_target' from command line to 'None'
[0.304s] Level 5:colcon.colcon_core.verb:set package 'pi3hat_hardware_interface' build argument 'cmake_target_skip_unavailable' from command line to 'False'
[0.304s] Level 5:colcon.colcon_core.verb:set package 'pi3hat_hardware_interface' build argument 'cmake_clean_cache' from command line to 'False'
[0.304s] Level 5:colcon.colcon_core.verb:set package 'pi3hat_hardware_interface' build argument 'cmake_clean_first' from command line to 'False'
[0.305s] Level 5:colcon.colcon_core.verb:set package 'pi3hat_hardware_interface' build argument 'cmake_force_configure' from command line to 'False'
[0.305s] Level 5:colcon.colcon_core.verb:set package 'pi3hat_hardware_interface' build argument 'ament_cmake_args' from command line to 'None'
[0.305s] Level 5:colcon.colcon_core.verb:set package 'pi3hat_hardware_interface' build argument 'catkin_cmake_args' from command line to 'None'
[0.305s] Level 5:colcon.colcon_core.verb:set package 'pi3hat_hardware_interface' build argument 'catkin_skip_building_tests' from command line to 'False'
[0.305s] DEBUG:colcon.colcon_core.verb:Building package 'pi3hat_hardware_interface' with the following arguments: {'ament_cmake_args': None, 'build_base': '/media/psf/GitHub/rhea_ws/src/pi3hat_hardware_interface/build/pi3hat_hardware_interface', 'catkin_cmake_args': None, 'catkin_skip_building_tests': False, 'cmake_args': None, 'cmake_clean_cache': False, 'cmake_clean_first': False, 'cmake_force_configure': False, 'cmake_target': None, 'cmake_target_skip_unavailable': False, 'install_base': '/media/psf/GitHub/rhea_ws/src/pi3hat_hardware_interface/install/pi3hat_hardware_interface', 'merge_install': False, 'path': '/media/psf/GitHub/rhea_ws/src/pi3hat_hardware_interface', 'symlink_install': False, 'test_result_base': None}
[0.305s] INFO:colcon.colcon_core.executor:Executing jobs using 'parallel' executor
[0.308s] DEBUG:colcon.colcon_parallel_executor.executor.parallel:run_until_complete
[0.308s] INFO:colcon.colcon_ros.task.ament_cmake.build:Building ROS package in '/media/psf/GitHub/rhea_ws/src/pi3hat_hardware_interface' with build type 'ament_cmake'
[0.308s] INFO:colcon.colcon_cmake.task.cmake.build:Building CMake package in '/media/psf/GitHub/rhea_ws/src/pi3hat_hardware_interface'
[0.312s] INFO:colcon.colcon_core.plugin_system:Skipping extension 'colcon_core.shell.bat': Not used on non-Windows systems
[0.312s] INFO:colcon.colcon_core.shell:Skip shell extension 'powershell' for command environment: Not usable outside of PowerShell
[0.312s] DEBUG:colcon.colcon_core.shell:Skip shell extension 'dsv' for command environment
[0.327s] DEBUG:colcon.colcon_core.event_handler.log_command:Invoking command in '/media/psf/GitHub/rhea_ws/src/pi3hat_hardware_interface/build/pi3hat_hardware_interface': CMAKE_PREFIX_PATH=/opt/ros/humble CONDA_PROMPT_MODIFIER=(base) /usr/bin/cmake --build /media/psf/GitHub/rhea_ws/src/pi3hat_hardware_interface/build/pi3hat_hardware_interface -- -j8 -l8
[3.055s] DEBUG:colcon.colcon_core.event_handler.log_command:Invoked command in '/media/psf/GitHub/rhea_ws/src/pi3hat_hardware_interface/build/pi3hat_hardware_interface' returned '0': CMAKE_PREFIX_PATH=/opt/ros/humble CONDA_PROMPT_MODIFIER=(base) /usr/bin/cmake --build /media/psf/GitHub/rhea_ws/src/pi3hat_hardware_interface/build/pi3hat_hardware_interface -- -j8 -l8
[3.091s] DEBUG:colcon.colcon_core.event_handler.log_command:Invoking command in '/media/psf/GitHub/rhea_ws/src/pi3hat_hardware_interface/build/pi3hat_hardware_interface': CMAKE_PREFIX_PATH=/opt/ros/humble CONDA_PROMPT_MODIFIER=(base) /usr/bin/cmake --install /media/psf/GitHub/rhea_ws/src/pi3hat_hardware_interface/build/pi3hat_hardware_interface
[3.134s] Level 1:colcon.colcon_core.environment:create_environment_scripts_only(pi3hat_hardware_interface)
[3.135s] DEBUG:colcon.colcon_core.event_handler.log_command:Invoked command in '/media/psf/GitHub/rhea_ws/src/pi3hat_hardware_interface/build/pi3hat_hardware_interface' returned '0': CMAKE_PREFIX_PATH=/opt/ros/humble CONDA_PROMPT_MODIFIER=(base) /usr/bin/cmake --install /media/psf/GitHub/rhea_ws/src/pi3hat_hardware_interface/build/pi3hat_hardware_interface
[3.137s] Level 1:colcon.colcon_core.environment:checking '/media/psf/GitHub/rhea_ws/src/pi3hat_hardware_interface/install/pi3hat_hardware_interface' for CMake module files
[3.141s] Level 1:colcon.colcon_core.environment:checking '/media/psf/GitHub/rhea_ws/src/pi3hat_hardware_interface/install/pi3hat_hardware_interface' for CMake config files
[3.143s] Level 1:colcon.colcon_core.shell:create_environment_hook('pi3hat_hardware_interface', 'cmake_prefix_path')
[3.145s] INFO:colcon.colcon_core.shell:Creating environment hook '/media/psf/GitHub/rhea_ws/src/pi3hat_hardware_interface/install/pi3hat_hardware_interface/share/pi3hat_hardware_interface/hook/cmake_prefix_path.ps1'
[3.146s] INFO:colcon.colcon_core.shell:Creating environment descriptor '/media/psf/GitHub/rhea_ws/src/pi3hat_hardware_interface/install/pi3hat_hardware_interface/share/pi3hat_hardware_interface/hook/cmake_prefix_path.dsv'
[3.146s] INFO:colcon.colcon_core.shell:Creating environment hook '/media/psf/GitHub/rhea_ws/src/pi3hat_hardware_interface/install/pi3hat_hardware_interface/share/pi3hat_hardware_interface/hook/cmake_prefix_path.sh'
[3.148s] Level 1:colcon.colcon_core.environment:checking '/media/psf/GitHub/rhea_ws/src/pi3hat_hardware_interface/install/pi3hat_hardware_interface/lib'
[3.148s] Level 1:colcon.colcon_core.shell:create_environment_hook('pi3hat_hardware_interface', 'ld_library_path_lib')
[3.149s] INFO:colcon.colcon_core.shell:Creating environment hook '/media/psf/GitHub/rhea_ws/src/pi3hat_hardware_interface/install/pi3hat_hardware_interface/share/pi3hat_hardware_interface/hook/ld_library_path_lib.ps1'
[3.149s] INFO:colcon.colcon_core.shell:Creating environment descriptor '/media/psf/GitHub/rhea_ws/src/pi3hat_hardware_interface/install/pi3hat_hardware_interface/share/pi3hat_hardware_interface/hook/ld_library_path_lib.dsv'
[3.150s] INFO:colcon.colcon_core.shell:Creating environment hook '/media/psf/GitHub/rhea_ws/src/pi3hat_hardware_interface/install/pi3hat_hardware_interface/share/pi3hat_hardware_interface/hook/ld_library_path_lib.sh'
[3.151s] Level 1:colcon.colcon_core.environment:checking '/media/psf/GitHub/rhea_ws/src/pi3hat_hardware_interface/install/pi3hat_hardware_interface/bin'
[3.151s] Level 1:colcon.colcon_core.environment:checking '/media/psf/GitHub/rhea_ws/src/pi3hat_hardware_interface/install/pi3hat_hardware_interface/lib/pkgconfig/pi3hat_hardware_interface.pc'
[3.151s] Level 1:colcon.colcon_core.environment:checking '/media/psf/GitHub/rhea_ws/src/pi3hat_hardware_interface/install/pi3hat_hardware_interface/lib/python3.10/site-packages'
[3.152s] Level 1:colcon.colcon_core.environment:checking '/media/psf/GitHub/rhea_ws/src/pi3hat_hardware_interface/install/pi3hat_hardware_interface/bin'
[3.152s] INFO:colcon.colcon_core.shell:Creating package script '/media/psf/GitHub/rhea_ws/src/pi3hat_hardware_interface/install/pi3hat_hardware_interface/share/pi3hat_hardware_interface/package.ps1'
[3.153s] INFO:colcon.colcon_core.shell:Creating package descriptor '/media/psf/GitHub/rhea_ws/src/pi3hat_hardware_interface/install/pi3hat_hardware_interface/share/pi3hat_hardware_interface/package.dsv'
[3.154s] INFO:colcon.colcon_core.shell:Creating package script '/media/psf/GitHub/rhea_ws/src/pi3hat_hardware_interface/install/pi3hat_hardware_interface/share/pi3hat_hardware_interface/package.sh'
[3.155s] INFO:colcon.colcon_core.shell:Creating package script '/media/psf/GitHub/rhea_ws/src/pi3hat_hardware_interface/install/pi3hat_hardware_interface/share/pi3hat_hardware_interface/package.bash'
[3.157s] INFO:colcon.colcon_core.shell:Creating package script '/media/psf/GitHub/rhea_ws/src/pi3hat_hardware_interface/install/pi3hat_hardware_interface/share/pi3hat_hardware_interface/package.zsh'
[3.158s] Level 1:colcon.colcon_core.environment:create_file_with_runtime_dependencies(/media/psf/GitHub/rhea_ws/src/pi3hat_hardware_interface/install/pi3hat_hardware_interface/share/colcon-core/packages/pi3hat_hardware_interface)
[3.186s] Level 1:colcon.colcon_core.environment:create_environment_scripts_only(pi3hat_hardware_interface)
[3.188s] Level 1:colcon.colcon_core.environment:checking '/media/psf/GitHub/rhea_ws/src/pi3hat_hardware_interface/install/pi3hat_hardware_interface' for CMake module files
[3.190s] Level 1:colcon.colcon_core.environment:checking '/media/psf/GitHub/rhea_ws/src/pi3hat_hardware_interface/install/pi3hat_hardware_interface' for CMake config files
[3.193s] Level 1:colcon.colcon_core.shell:create_environment_hook('pi3hat_hardware_interface', 'cmake_prefix_path')
[3.194s] INFO:colcon.colcon_core.shell:Creating environment hook '/media/psf/GitHub/rhea_ws/src/pi3hat_hardware_interface/install/pi3hat_hardware_interface/share/pi3hat_hardware_interface/hook/cmake_prefix_path.ps1'
[3.195s] INFO:colcon.colcon_core.shell:Creating environment descriptor '/media/psf/GitHub/rhea_ws/src/pi3hat_hardware_interface/install/pi3hat_hardware_interface/share/pi3hat_hardware_interface/hook/cmake_prefix_path.dsv'
[3.196s] INFO:colcon.colcon_core.shell:Creating environment hook '/media/psf/GitHub/rhea_ws/src/pi3hat_hardware_interface/install/pi3hat_hardware_interface/share/pi3hat_hardware_interface/hook/cmake_prefix_path.sh'
[3.197s] Level 1:colcon.colcon_core.environment:checking '/media/psf/GitHub/rhea_ws/src/pi3hat_hardware_interface/install/pi3hat_hardware_interface/lib'
[3.198s] Level 1:colcon.colcon_core.shell:create_environment_hook('pi3hat_hardware_interface', 'ld_library_path_lib')
[3.199s] INFO:colcon.colcon_core.shell:Creating environment hook '/media/psf/GitHub/rhea_ws/src/pi3hat_hardware_interface/install/pi3hat_hardware_interface/share/pi3hat_hardware_interface/hook/ld_library_path_lib.ps1'
[3.200s] INFO:colcon.colcon_core.shell:Creating environment descriptor '/media/psf/GitHub/rhea_ws/src/pi3hat_hardware_interface/install/pi3hat_hardware_interface/share/pi3hat_hardware_interface/hook/ld_library_path_lib.dsv'
[3.200s] INFO:colcon.colcon_core.shell:Creating environment hook '/media/psf/GitHub/rhea_ws/src/pi3hat_hardware_interface/install/pi3hat_hardware_interface/share/pi3hat_hardware_interface/hook/ld_library_path_lib.sh'
[3.201s] Level 1:colcon.colcon_core.environment:checking '/media/psf/GitHub/rhea_ws/src/pi3hat_hardware_interface/install/pi3hat_hardware_interface/bin'
[3.201s] Level 1:colcon.colcon_core.environment:checking '/media/psf/GitHub/rhea_ws/src/pi3hat_hardware_interface/install/pi3hat_hardware_interface/lib/pkgconfig/pi3hat_hardware_interface.pc'
[3.201s] Level 1:colcon.colcon_core.environment:checking '/media/psf/GitHub/rhea_ws/src/pi3hat_hardware_interface/install/pi3hat_hardware_interface/lib/python3.10/site-packages'
[3.202s] Level 1:colcon.colcon_core.environment:checking '/media/psf/GitHub/rhea_ws/src/pi3hat_hardware_interface/install/pi3hat_hardware_interface/bin'
[3.203s] INFO:colcon.colcon_core.shell:Creating package script '/media/psf/GitHub/rhea_ws/src/pi3hat_hardware_interface/install/pi3hat_hardware_interface/share/pi3hat_hardware_interface/package.ps1'
[3.204s] INFO:colcon.colcon_core.shell:Creating package descriptor '/media/psf/GitHub/rhea_ws/src/pi3hat_hardware_interface/install/pi3hat_hardware_interface/share/pi3hat_hardware_interface/package.dsv'
[3.204s] INFO:colcon.colcon_core.shell:Creating package script '/media/psf/GitHub/rhea_ws/src/pi3hat_hardware_interface/install/pi3hat_hardware_interface/share/pi3hat_hardware_interface/package.sh'
[3.205s] INFO:colcon.colcon_core.shell:Creating package script '/media/psf/GitHub/rhea_ws/src/pi3hat_hardware_interface/install/pi3hat_hardware_interface/share/pi3hat_hardware_interface/package.bash'
[3.206s] INFO:colcon.colcon_core.shell:Creating package script '/media/psf/GitHub/rhea_ws/src/pi3hat_hardware_interface/install/pi3hat_hardware_interface/share/pi3hat_hardware_interface/package.zsh'
[3.207s] Level 1:colcon.colcon_core.environment:create_file_with_runtime_dependencies(/media/psf/GitHub/rhea_ws/src/pi3hat_hardware_interface/install/pi3hat_hardware_interface/share/colcon-core/packages/pi3hat_hardware_interface)
[3.207s] DEBUG:colcon.colcon_parallel_executor.executor.parallel:closing loop
[3.207s] DEBUG:colcon.colcon_parallel_executor.executor.parallel:loop closed
[3.208s] DEBUG:colcon.colcon_parallel_executor.executor.parallel:run_until_complete finished with '0'
[3.208s] DEBUG:colcon.colcon_core.event_reactor:joining thread
[3.213s] INFO:colcon.colcon_core.plugin_system:Skipping extension 'colcon_notification.desktop_notification.terminal_notifier': Not used on non-Darwin systems
[3.213s] INFO:colcon.colcon_core.plugin_system:Skipping extension 'colcon_notification.desktop_notification.win32': Not used on non-Windows systems
[3.213s] INFO:colcon.colcon_notification.desktop_notification:Sending desktop notification using 'notify2'
[3.223s] DEBUG:colcon.colcon_core.event_reactor:joined thread
[3.224s] INFO:colcon.colcon_core.shell:Creating prefix script '/media/psf/GitHub/rhea_ws/src/pi3hat_hardware_interface/install/local_setup.ps1'
[3.226s] INFO:colcon.colcon_core.shell:Creating prefix util module '/media/psf/GitHub/rhea_ws/src/pi3hat_hardware_interface/install/_local_setup_util_ps1.py'
[3.228s] INFO:colcon.colcon_core.shell:Creating prefix chain script '/media/psf/GitHub/rhea_ws/src/pi3hat_hardware_interface/install/setup.ps1'
[3.229s] INFO:colcon.colcon_core.shell:Creating prefix script '/media/psf/GitHub/rhea_ws/src/pi3hat_hardware_interface/install/local_setup.sh'
[3.230s] INFO:colcon.colcon_core.shell:Creating prefix util module '/media/psf/GitHub/rhea_ws/src/pi3hat_hardware_interface/install/_local_setup_util_sh.py'
[3.231s] INFO:colcon.colcon_core.shell:Creating prefix chain script '/media/psf/GitHub/rhea_ws/src/pi3hat_hardware_interface/install/setup.sh'
[3.232s] INFO:colcon.colcon_core.shell:Creating prefix script '/media/psf/GitHub/rhea_ws/src/pi3hat_hardware_interface/install/local_setup.bash'
[3.233s] INFO:colcon.colcon_core.shell:Creating prefix chain script '/media/psf/GitHub/rhea_ws/src/pi3hat_hardware_interface/install/setup.bash'
[3.235s] INFO:colcon.colcon_core.shell:Creating prefix script '/media/psf/GitHub/rhea_ws/src/pi3hat_hardware_interface/install/local_setup.zsh'
[3.235s] INFO:colcon.colcon_core.shell:Creating prefix chain script '/media/psf/GitHub/rhea_ws/src/pi3hat_hardware_interface/install/setup.zsh'
