In file included from [01m[K/media/psf/GitHub/rhea_ws/src/pi3hat_hardware_interface/src/pi3hat_hardware_interface.cpp:1[m[K:
[01m[K/media/psf/GitHub/rhea_ws/src/pi3hat_hardware_interface/include/pi3hat_hardware_interface/pi3hat_hardware_interface.hpp:24:57:[m[K [01;35m[Kwarning: [m[Kextra ‘[01m[K;[m[K’ [[01;35m[K]8;;https://gcc.gnu.org/onlinedocs/gcc/Warning-Options.html#index-Wpedantic-Wpedantic]8;;[m[K]
   24 |   RCLCPP_SHARED_PTR_DEFINITIONS(Pi3HatHardwareInterface)[01;35m[K;[m[K
      |                                                         [01;35m[K^[m[K
      |                                                         [31m[K-[m[K
[01m[K/media/psf/GitHub/rhea_ws/src/pi3hat_hardware_interface/include/pi3hat_hardware_interface/pi3hat_hardware_interface.hpp:26:3:[m[K [01;31m[Kerror: [m[K‘[01m[KPI3HAT_HARDWARE_INTERFACE_PUBLIC[m[K’ does not name a type; did you mean ‘[01m[KHARDWARE_INTERFACE_PUBLIC[m[K’?
   26 |   [01;31m[KPI3HAT_HARDWARE_INTERFACE_PUBLIC[m[K
      |   [01;31m[K^~~~~~~~~~~~~~~~~~~~~~~~~~~~~~~~[m[K
      |   [32m[KHARDWARE_INTERFACE_PUBLIC[m[K
[01m[K/media/psf/GitHub/rhea_ws/src/pi3hat_hardware_interface/include/pi3hat_hardware_interface/pi3hat_hardware_interface.hpp:30:3:[m[K [01;31m[Kerror: [m[K‘[01m[KPI3HAT_HARDWARE_INTERFACE_PUBLIC[m[K’ does not name a type; did you mean ‘[01m[KHARDWARE_INTERFACE_PUBLIC[m[K’?
   30 |   [01;31m[KPI3HAT_HARDWARE_INTERFACE_PUBLIC[m[K
      |   [01;31m[K^~~~~~~~~~~~~~~~~~~~~~~~~~~~~~~~[m[K
      |   [32m[KHARDWARE_INTERFACE_PUBLIC[m[K
[01m[K/media/psf/GitHub/rhea_ws/src/pi3hat_hardware_interface/include/pi3hat_hardware_interface/pi3hat_hardware_interface.hpp:33:3:[m[K [01;31m[Kerror: [m[K‘[01m[KPI3HAT_HARDWARE_INTERFACE_PUBLIC[m[K’ does not name a type; did you mean ‘[01m[KHARDWARE_INTERFACE_PUBLIC[m[K’?
   33 |   [01;31m[KPI3HAT_HARDWARE_INTERFACE_PUBLIC[m[K
      |   [01;31m[K^~~~~~~~~~~~~~~~~~~~~~~~~~~~~~~~[m[K
      |   [32m[KHARDWARE_INTERFACE_PUBLIC[m[K
[01m[K/media/psf/GitHub/rhea_ws/src/pi3hat_hardware_interface/include/pi3hat_hardware_interface/pi3hat_hardware_interface.hpp:36:3:[m[K [01;31m[Kerror: [m[K‘[01m[KPI3HAT_HARDWARE_INTERFACE_PUBLIC[m[K’ does not name a type; did you mean ‘[01m[KHARDWARE_INTERFACE_PUBLIC[m[K’?
   36 |   [01;31m[KPI3HAT_HARDWARE_INTERFACE_PUBLIC[m[K
      |   [01;31m[K^~~~~~~~~~~~~~~~~~~~~~~~~~~~~~~~[m[K
      |   [32m[KHARDWARE_INTERFACE_PUBLIC[m[K
[01m[K/media/psf/GitHub/rhea_ws/src/pi3hat_hardware_interface/include/pi3hat_hardware_interface/pi3hat_hardware_interface.hpp:40:3:[m[K [01;31m[Kerror: [m[K‘[01m[KPI3HAT_HARDWARE_INTERFACE_PUBLIC[m[K’ does not name a type; did you mean ‘[01m[KHARDWARE_INTERFACE_PUBLIC[m[K’?
   40 |   [01;31m[KPI3HAT_HARDWARE_INTERFACE_PUBLIC[m[K
      |   [01;31m[K^~~~~~~~~~~~~~~~~~~~~~~~~~~~~~~~[m[K
      |   [32m[KHARDWARE_INTERFACE_PUBLIC[m[K
[01m[K/media/psf/GitHub/rhea_ws/src/pi3hat_hardware_interface/include/pi3hat_hardware_interface/pi3hat_hardware_interface.hpp:44:3:[m[K [01;31m[Kerror: [m[K‘[01m[KPI3HAT_HARDWARE_INTERFACE_PUBLIC[m[K’ does not name a type; did you mean ‘[01m[KHARDWARE_INTERFACE_PUBLIC[m[K’?
   44 |   [01;31m[KPI3HAT_HARDWARE_INTERFACE_PUBLIC[m[K
      |   [01;31m[K^~~~~~~~~~~~~~~~~~~~~~~~~~~~~~~~[m[K
      |   [32m[KHARDWARE_INTERFACE_PUBLIC[m[K
[01m[K/media/psf/GitHub/rhea_ws/src/pi3hat_hardware_interface/include/pi3hat_hardware_interface/pi3hat_hardware_interface.hpp:48:3:[m[K [01;31m[Kerror: [m[K‘[01m[KPI3HAT_HARDWARE_INTERFACE_PUBLIC[m[K’ does not name a type; did you mean ‘[01m[KHARDWARE_INTERFACE_PUBLIC[m[K’?
   48 |   [01;31m[KPI3HAT_HARDWARE_INTERFACE_PUBLIC[m[K
      |   [01;31m[K^~~~~~~~~~~~~~~~~~~~~~~~~~~~~~~~[m[K
      |   [32m[KHARDWARE_INTERFACE_PUBLIC[m[K
[01m[K/media/psf/GitHub/rhea_ws/src/pi3hat_hardware_interface/src/pi3hat_hardware_interface.cpp:14:36:[m[K [01;31m[Kerror: [m[Kno declaration matches ‘[01m[Khardware_interface::CallbackReturn pi3hat_hardware_interface::Pi3HatHardwareInterface::on_init(const hardware_interface::HardwareInfo&)[m[K’
   14 | hardware_interface::CallbackReturn [01;31m[KPi3HatHardwareInterface[m[K::on_init(
      |                                    [01;31m[K^~~~~~~~~~~~~~~~~~~~~~~[m[K
[01m[K/media/psf/GitHub/rhea_ws/src/pi3hat_hardware_interface/src/pi3hat_hardware_interface.cpp:14:36:[m[K [01;36m[Knote: [m[Kno functions named ‘[01m[Khardware_interface::CallbackReturn pi3hat_hardware_interface::Pi3HatHardwareInterface::on_init(const hardware_interface::HardwareInfo&)[m[K’
In file included from [01m[K/media/psf/GitHub/rhea_ws/src/pi3hat_hardware_interface/src/pi3hat_hardware_interface.cpp:1[m[K:
[01m[K/media/psf/GitHub/rhea_ws/src/pi3hat_hardware_interface/include/pi3hat_hardware_interface/pi3hat_hardware_interface.hpp:21:7:[m[K [01;36m[Knote: [m[K‘[01m[Kclass pi3hat_hardware_interface::Pi3HatHardwareInterface[m[K’ defined here
   21 | class [01;36m[KPi3HatHardwareInterface[m[K : public hardware_interface::SystemInterface
      |       [01;36m[K^~~~~~~~~~~~~~~~~~~~~~~[m[K
[01m[K/media/psf/GitHub/rhea_ws/src/pi3hat_hardware_interface/src/pi3hat_hardware_interface.cpp:88:49:[m[K [01;31m[Kerror: [m[Kno declaration matches ‘[01m[Kstd::vector<hardware_interface::StateInterface> pi3hat_hardware_interface::Pi3HatHardwareInterface::export_state_interfaces()[m[K’
   88 | std::vector<hardware_interface::StateInterface> [01;31m[KPi3HatHardwareInterface[m[K::export_state_interfaces()
      |                                                 [01;31m[K^~~~~~~~~~~~~~~~~~~~~~~[m[K
[01m[K/media/psf/GitHub/rhea_ws/src/pi3hat_hardware_interface/src/pi3hat_hardware_interface.cpp:88:49:[m[K [01;36m[Knote: [m[Kno functions named ‘[01m[Kstd::vector<hardware_interface::StateInterface> pi3hat_hardware_interface::Pi3HatHardwareInterface::export_state_interfaces()[m[K’
In file included from [01m[K/media/psf/GitHub/rhea_ws/src/pi3hat_hardware_interface/src/pi3hat_hardware_interface.cpp:1[m[K:
[01m[K/media/psf/GitHub/rhea_ws/src/pi3hat_hardware_interface/include/pi3hat_hardware_interface/pi3hat_hardware_interface.hpp:21:7:[m[K [01;36m[Knote: [m[K‘[01m[Kclass pi3hat_hardware_interface::Pi3HatHardwareInterface[m[K’ defined here
   21 | class [01;36m[KPi3HatHardwareInterface[m[K : public hardware_interface::SystemInterface
      |       [01;36m[K^~~~~~~~~~~~~~~~~~~~~~~[m[K
[01m[K/media/psf/GitHub/rhea_ws/src/pi3hat_hardware_interface/src/pi3hat_hardware_interface.cpp:102:51:[m[K [01;31m[Kerror: [m[Kno declaration matches ‘[01m[Kstd::vector<hardware_interface::CommandInterface> pi3hat_hardware_interface::Pi3HatHardwareInterface::export_command_interfaces()[m[K’
  102 | std::vector<hardware_interface::CommandInterface> [01;31m[KPi3HatHardwareInterface[m[K::export_command_interfaces()
      |                                                   [01;31m[K^~~~~~~~~~~~~~~~~~~~~~~[m[K
[01m[K/media/psf/GitHub/rhea_ws/src/pi3hat_hardware_interface/src/pi3hat_hardware_interface.cpp:102:51:[m[K [01;36m[Knote: [m[Kno functions named ‘[01m[Kstd::vector<hardware_interface::CommandInterface> pi3hat_hardware_interface::Pi3HatHardwareInterface::export_command_interfaces()[m[K’
In file included from [01m[K/media/psf/GitHub/rhea_ws/src/pi3hat_hardware_interface/src/pi3hat_hardware_interface.cpp:1[m[K:
[01m[K/media/psf/GitHub/rhea_ws/src/pi3hat_hardware_interface/include/pi3hat_hardware_interface/pi3hat_hardware_interface.hpp:21:7:[m[K [01;36m[Knote: [m[K‘[01m[Kclass pi3hat_hardware_interface::Pi3HatHardwareInterface[m[K’ defined here
   21 | class [01;36m[KPi3HatHardwareInterface[m[K : public hardware_interface::SystemInterface
      |       [01;36m[K^~~~~~~~~~~~~~~~~~~~~~~[m[K
[01m[K/media/psf/GitHub/rhea_ws/src/pi3hat_hardware_interface/src/pi3hat_hardware_interface.cpp:114:36:[m[K [01;31m[Kerror: [m[Kno declaration matches ‘[01m[Khardware_interface::CallbackReturn pi3hat_hardware_interface::Pi3HatHardwareInterface::on_activate(const rclcpp_lifecycle::State&)[m[K’
  114 | hardware_interface::CallbackReturn [01;31m[KPi3HatHardwareInterface[m[K::on_activate(
      |                                    [01;31m[K^~~~~~~~~~~~~~~~~~~~~~~[m[K
[01m[K/media/psf/GitHub/rhea_ws/src/pi3hat_hardware_interface/src/pi3hat_hardware_interface.cpp:114:36:[m[K [01;36m[Knote: [m[Kno functions named ‘[01m[Khardware_interface::CallbackReturn pi3hat_hardware_interface::Pi3HatHardwareInterface::on_activate(const rclcpp_lifecycle::State&)[m[K’
In file included from [01m[K/media/psf/GitHub/rhea_ws/src/pi3hat_hardware_interface/src/pi3hat_hardware_interface.cpp:1[m[K:
[01m[K/media/psf/GitHub/rhea_ws/src/pi3hat_hardware_interface/include/pi3hat_hardware_interface/pi3hat_hardware_interface.hpp:21:7:[m[K [01;36m[Knote: [m[K‘[01m[Kclass pi3hat_hardware_interface::Pi3HatHardwareInterface[m[K’ defined here
   21 | class [01;36m[KPi3HatHardwareInterface[m[K : public hardware_interface::SystemInterface
      |       [01;36m[K^~~~~~~~~~~~~~~~~~~~~~~[m[K
[01m[K/media/psf/GitHub/rhea_ws/src/pi3hat_hardware_interface/src/pi3hat_hardware_interface.cpp:144:36:[m[K [01;31m[Kerror: [m[Kno declaration matches ‘[01m[Khardware_interface::CallbackReturn pi3hat_hardware_interface::Pi3HatHardwareInterface::on_deactivate(const rclcpp_lifecycle::State&)[m[K’
  144 | hardware_interface::CallbackReturn [01;31m[KPi3HatHardwareInterface[m[K::on_deactivate(
      |                                    [01;31m[K^~~~~~~~~~~~~~~~~~~~~~~[m[K
[01m[K/media/psf/GitHub/rhea_ws/src/pi3hat_hardware_interface/src/pi3hat_hardware_interface.cpp:144:36:[m[K [01;36m[Knote: [m[Kno functions named ‘[01m[Khardware_interface::CallbackReturn pi3hat_hardware_interface::Pi3HatHardwareInterface::on_deactivate(const rclcpp_lifecycle::State&)[m[K’
In file included from [01m[K/media/psf/GitHub/rhea_ws/src/pi3hat_hardware_interface/src/pi3hat_hardware_interface.cpp:1[m[K:
[01m[K/media/psf/GitHub/rhea_ws/src/pi3hat_hardware_interface/include/pi3hat_hardware_interface/pi3hat_hardware_interface.hpp:21:7:[m[K [01;36m[Knote: [m[K‘[01m[Kclass pi3hat_hardware_interface::Pi3HatHardwareInterface[m[K’ defined here
   21 | class [01;36m[KPi3HatHardwareInterface[m[K : public hardware_interface::SystemInterface
      |       [01;36m[K^~~~~~~~~~~~~~~~~~~~~~~[m[K
[01m[K/media/psf/GitHub/rhea_ws/src/pi3hat_hardware_interface/src/pi3hat_hardware_interface.cpp:163:33:[m[K [01;31m[Kerror: [m[Kno declaration matches ‘[01m[Khardware_interface::return_type pi3hat_hardware_interface::Pi3HatHardwareInterface::read(const rclcpp::Time&, const rclcpp::Duration&)[m[K’
  163 | hardware_interface::return_type [01;31m[KPi3HatHardwareInterface[m[K::read(
      |                                 [01;31m[K^~~~~~~~~~~~~~~~~~~~~~~[m[K
[01m[K/media/psf/GitHub/rhea_ws/src/pi3hat_hardware_interface/src/pi3hat_hardware_interface.cpp:163:33:[m[K [01;36m[Knote: [m[Kno functions named ‘[01m[Khardware_interface::return_type pi3hat_hardware_interface::Pi3HatHardwareInterface::read(const rclcpp::Time&, const rclcpp::Duration&)[m[K’
In file included from [01m[K/media/psf/GitHub/rhea_ws/src/pi3hat_hardware_interface/src/pi3hat_hardware_interface.cpp:1[m[K:
[01m[K/media/psf/GitHub/rhea_ws/src/pi3hat_hardware_interface/include/pi3hat_hardware_interface/pi3hat_hardware_interface.hpp:21:7:[m[K [01;36m[Knote: [m[K‘[01m[Kclass pi3hat_hardware_interface::Pi3HatHardwareInterface[m[K’ defined here
   21 | class [01;36m[KPi3HatHardwareInterface[m[K : public hardware_interface::SystemInterface
      |       [01;36m[K^~~~~~~~~~~~~~~~~~~~~~~[m[K
[01m[K/media/psf/GitHub/rhea_ws/src/pi3hat_hardware_interface/src/pi3hat_hardware_interface.cpp:202:33:[m[K [01;31m[Kerror: [m[Kno declaration matches ‘[01m[Khardware_interface::return_type pi3hat_hardware_interface::Pi3HatHardwareInterface::write(const rclcpp::Time&, const rclcpp::Duration&)[m[K’
  202 | hardware_interface::return_type [01;31m[Kpi3hat_hardware_interface[m[K::Pi3HatHardwareInterface::write(
      |                                 [01;31m[K^~~~~~~~~~~~~~~~~~~~~~~~~[m[K
[01m[K/media/psf/GitHub/rhea_ws/src/pi3hat_hardware_interface/src/pi3hat_hardware_interface.cpp:202:33:[m[K [01;36m[Knote: [m[Kno functions named ‘[01m[Khardware_interface::return_type pi3hat_hardware_interface::Pi3HatHardwareInterface::write(const rclcpp::Time&, const rclcpp::Duration&)[m[K’
In file included from [01m[K/media/psf/GitHub/rhea_ws/src/pi3hat_hardware_interface/src/pi3hat_hardware_interface.cpp:1[m[K:
[01m[K/media/psf/GitHub/rhea_ws/src/pi3hat_hardware_interface/include/pi3hat_hardware_interface/pi3hat_hardware_interface.hpp:21:7:[m[K [01;36m[Knote: [m[K‘[01m[Kclass pi3hat_hardware_interface::Pi3HatHardwareInterface[m[K’ defined here
   21 | class [01;36m[KPi3HatHardwareInterface[m[K : public hardware_interface::SystemInterface
      |       [01;36m[K^~~~~~~~~~~~~~~~~~~~~~~[m[K
In file included from [01m[K/opt/ros/humble/include/class_loader/class_loader/class_loader_core.hpp:57[m[K,
                 from [01m[K/opt/ros/humble/include/class_loader/class_loader/class_loader.hpp:55[m[K,
                 from [01m[K/opt/ros/humble/include/pluginlib/pluginlib/class_list_macros.hpp:40[m[K,
                 from [01m[K/media/psf/GitHub/rhea_ws/src/pi3hat_hardware_interface/src/pi3hat_hardware_interface.cpp:223[m[K:
/opt/ros/humble/include/class_loader/class_loader/meta_object.hpp: In instantiation of ‘[01m[KB* class_loader::impl::MetaObject<C, B>::create() const [with C = pi3hat_hardware_interface::Pi3HatHardwareInterface; B = hardware_interface::SystemInterface][m[K’:
[01m[K/opt/ros/humble/include/class_loader/class_loader/meta_object.hpp:216:7:[m[K   required from here
[01m[K/opt/ros/humble/include/class_loader/class_loader/meta_object.hpp:218:12:[m[K [01;31m[Kerror: [m[Kinvalid new-expression of abstract class type ‘[01m[Kpi3hat_hardware_interface::Pi3HatHardwareInterface[m[K’
  218 |     return [01;31m[Knew C[m[K;
      |            [01;31m[K^~~~~[m[K
In file included from [01m[K/media/psf/GitHub/rhea_ws/src/pi3hat_hardware_interface/src/pi3hat_hardware_interface.cpp:1[m[K:
[01m[K/media/psf/GitHub/rhea_ws/src/pi3hat_hardware_interface/include/pi3hat_hardware_interface/pi3hat_hardware_interface.hpp:21:7:[m[K [01;36m[Knote: [m[K  because the following virtual functions are pure within ‘[01m[Kpi3hat_hardware_interface::Pi3HatHardwareInterface[m[K’:
   21 | class [01;36m[KPi3HatHardwareInterface[m[K : public hardware_interface::SystemInterface
      |       [01;36m[K^~~~~~~~~~~~~~~~~~~~~~~[m[K
In file included from [01m[K/media/psf/GitHub/rhea_ws/src/pi3hat_hardware_interface/include/pi3hat_hardware_interface/pi3hat_hardware_interface.hpp:10[m[K,
                 from [01m[K/media/psf/GitHub/rhea_ws/src/pi3hat_hardware_interface/src/pi3hat_hardware_interface.cpp:1[m[K:
[01m[K/opt/ros/humble/include/hardware_interface/system_interface.hpp:111:39:[m[K [01;36m[Knote: [m[K    ‘[01m[Kvirtual std::vector<hardware_interface::StateInterface> hardware_interface::SystemInterface::export_state_interfaces()[m[K’
  111 |   virtual std::vector<StateInterface> [01;36m[Kexport_state_interfaces[m[K() = 0;
      |                                       [01;36m[K^~~~~~~~~~~~~~~~~~~~~~~[m[K
[01m[K/opt/ros/humble/include/hardware_interface/system_interface.hpp:122:41:[m[K [01;36m[Knote: [m[K    ‘[01m[Kvirtual std::vector<hardware_interface::CommandInterface> hardware_interface::SystemInterface::export_command_interfaces()[m[K’
  122 |   virtual std::vector<CommandInterface> [01;36m[Kexport_command_interfaces[m[K() = 0;
      |                                         [01;36m[K^~~~~~~~~~~~~~~~~~~~~~~~~[m[K
[01m[K/opt/ros/humble/include/hardware_interface/system_interface.hpp:173:23:[m[K [01;36m[Knote: [m[K    ‘[01m[Kvirtual hardware_interface::return_type hardware_interface::SystemInterface::read(const rclcpp::Time&, const rclcpp::Duration&)[m[K’
  173 |   virtual return_type [01;36m[Kread[m[K(const rclcpp::Time & time, const rclcpp::Duration & period) = 0;
      |                       [01;36m[K^~~~[m[K
[01m[K/opt/ros/humble/include/hardware_interface/system_interface.hpp:184:23:[m[K [01;36m[Knote: [m[K    ‘[01m[Kvirtual hardware_interface::return_type hardware_interface::SystemInterface::write(const rclcpp::Time&, const rclcpp::Duration&)[m[K’
  184 |   virtual return_type [01;36m[Kwrite[m[K(const rclcpp::Time & time, const rclcpp::Duration & period) = 0;
      |                       [01;36m[K^~~~~[m[K
gmake[2]: *** [CMakeFiles/pi3hat_hardware_interface.dir/build.make:76: CMakeFiles/pi3hat_hardware_interface.dir/src/pi3hat_hardware_interface.cpp.o] Error 1
gmake[1]: *** [CMakeFiles/Makefile2:137: CMakeFiles/pi3hat_hardware_interface.dir/all] Error 2
gmake: *** [Makefile:146: all] Error 2
