[0.017s] Invoking command in '/media/psf/GitHub/rhea_ws/src/pi3hat_hardware_interface/build/pi3hat_hardware_interface': CMAKE_PREFIX_PATH=/opt/ros/humble CONDA_PROMPT_MODIFIER=(base) /usr/bin/cmake --build /media/psf/GitHub/rhea_ws/src/pi3hat_hardware_interface/build/pi3hat_hardware_interface -- -j8 -l8
[0.075s] [35m[1mConsolidate compiler generated dependencies of target pi3hat_hardware_interface[0m
[0.202s] [ 50%] [32mBuilding CXX object CMakeFiles/pi3hat_hardware_interface.dir/src/pi3hat_hardware_interface.cpp.o[0m
[2.571s] [100%] [32m[1mLinking CXX shared library libpi3hat_hardware_interface.so[0m
[2.733s] [100%] Built target pi3hat_hardware_interface
[2.745s] Invoked command in '/media/psf/GitHub/rhea_ws/src/pi3hat_hardware_interface/build/pi3hat_hardware_interface' returned '0': CMAKE_PREFIX_PATH=/opt/ros/humble CONDA_PROMPT_MODIFIER=(base) /usr/bin/cmake --build /media/psf/GitHub/rhea_ws/src/pi3hat_hardware_interface/build/pi3hat_hardware_interface -- -j8 -l8
[2.781s] Invoking command in '/media/psf/GitHub/rhea_ws/src/pi3hat_hardware_interface/build/pi3hat_hardware_interface': CMAKE_PREFIX_PATH=/opt/ros/humble CONDA_PROMPT_MODIFIER=(base) /usr/bin/cmake --install /media/psf/GitHub/rhea_ws/src/pi3hat_hardware_interface/build/pi3hat_hardware_interface
[2.789s] -- Install configuration: ""
[2.790s] -- Up-to-date: /media/psf/GitHub/rhea_ws/src/pi3hat_hardware_interface/install/pi3hat_hardware_interface/share/pi3hat_hardware_interface/pi3hat_hardware_interface.xml
[2.791s] -- Installing: /media/psf/GitHub/rhea_ws/src/pi3hat_hardware_interface/install/pi3hat_hardware_interface/lib/libpi3hat_hardware_interface.so
[2.810s] -- Set runtime path of "/media/psf/GitHub/rhea_ws/src/pi3hat_hardware_interface/install/pi3hat_hardware_interface/lib/libpi3hat_hardware_interface.so" to ""
[2.810s] -- Up-to-date: /media/psf/GitHub/rhea_ws/src/pi3hat_hardware_interface/install/pi3hat_hardware_interface/include
[2.811s] -- Up-to-date: /media/psf/GitHub/rhea_ws/src/pi3hat_hardware_interface/install/pi3hat_hardware_interface/include/pi3hat_hardware_interface
[2.811s] -- Up-to-date: /media/psf/GitHub/rhea_ws/src/pi3hat_hardware_interface/install/pi3hat_hardware_interface/include/pi3hat_hardware_interface/pi3hat.h
[2.812s] -- Up-to-date: /media/psf/GitHub/rhea_ws/src/pi3hat_hardware_interface/install/pi3hat_hardware_interface/include/pi3hat_hardware_interface/pi3hat.cpp
[2.812s] -- Installing: /media/psf/GitHub/rhea_ws/src/pi3hat_hardware_interface/install/pi3hat_hardware_interface/include/pi3hat_hardware_interface/pi3hat_hardware_interface.hpp
[2.814s] -- Up-to-date: /media/psf/GitHub/rhea_ws/src/pi3hat_hardware_interface/install/pi3hat_hardware_interface/share/pi3hat_hardware_interface/environment/library_path.sh
[2.815s] -- Up-to-date: /media/psf/GitHub/rhea_ws/src/pi3hat_hardware_interface/install/pi3hat_hardware_interface/share/pi3hat_hardware_interface/environment/library_path.dsv
[2.815s] -- Up-to-date: /media/psf/GitHub/rhea_ws/src/pi3hat_hardware_interface/install/pi3hat_hardware_interface/share/ament_index/resource_index/package_run_dependencies/pi3hat_hardware_interface
[2.816s] -- Up-to-date: /media/psf/GitHub/rhea_ws/src/pi3hat_hardware_interface/install/pi3hat_hardware_interface/share/ament_index/resource_index/parent_prefix_path/pi3hat_hardware_interface
[2.816s] -- Up-to-date: /media/psf/GitHub/rhea_ws/src/pi3hat_hardware_interface/install/pi3hat_hardware_interface/share/pi3hat_hardware_interface/environment/ament_prefix_path.sh
[2.816s] -- Up-to-date: /media/psf/GitHub/rhea_ws/src/pi3hat_hardware_interface/install/pi3hat_hardware_interface/share/pi3hat_hardware_interface/environment/ament_prefix_path.dsv
[2.816s] -- Up-to-date: /media/psf/GitHub/rhea_ws/src/pi3hat_hardware_interface/install/pi3hat_hardware_interface/share/pi3hat_hardware_interface/environment/path.sh
[2.817s] -- Up-to-date: /media/psf/GitHub/rhea_ws/src/pi3hat_hardware_interface/install/pi3hat_hardware_interface/share/pi3hat_hardware_interface/environment/path.dsv
[2.817s] -- Up-to-date: /media/psf/GitHub/rhea_ws/src/pi3hat_hardware_interface/install/pi3hat_hardware_interface/share/pi3hat_hardware_interface/local_setup.bash
[2.817s] -- Up-to-date: /media/psf/GitHub/rhea_ws/src/pi3hat_hardware_interface/install/pi3hat_hardware_interface/share/pi3hat_hardware_interface/local_setup.sh
[2.817s] -- Up-to-date: /media/psf/GitHub/rhea_ws/src/pi3hat_hardware_interface/install/pi3hat_hardware_interface/share/pi3hat_hardware_interface/local_setup.zsh
[2.818s] -- Up-to-date: /media/psf/GitHub/rhea_ws/src/pi3hat_hardware_interface/install/pi3hat_hardware_interface/share/pi3hat_hardware_interface/local_setup.dsv
[2.818s] -- Installing: /media/psf/GitHub/rhea_ws/src/pi3hat_hardware_interface/install/pi3hat_hardware_interface/share/pi3hat_hardware_interface/package.dsv
[2.820s] -- Up-to-date: /media/psf/GitHub/rhea_ws/src/pi3hat_hardware_interface/install/pi3hat_hardware_interface/share/ament_index/resource_index/packages/pi3hat_hardware_interface
[2.821s] -- Up-to-date: /media/psf/GitHub/rhea_ws/src/pi3hat_hardware_interface/install/pi3hat_hardware_interface/share/ament_index/resource_index/hardware_interface__pluginlib__plugin/pi3hat_hardware_interface
[2.821s] -- Up-to-date: /media/psf/GitHub/rhea_ws/src/pi3hat_hardware_interface/install/pi3hat_hardware_interface/share/pi3hat_hardware_interface/cmake/ament_cmake_export_include_directories-extras.cmake
[2.821s] -- Up-to-date: /media/psf/GitHub/rhea_ws/src/pi3hat_hardware_interface/install/pi3hat_hardware_interface/share/pi3hat_hardware_interface/cmake/ament_cmake_export_libraries-extras.cmake
[2.822s] -- Up-to-date: /media/psf/GitHub/rhea_ws/src/pi3hat_hardware_interface/install/pi3hat_hardware_interface/share/pi3hat_hardware_interface/cmake/ament_cmake_export_dependencies-extras.cmake
[2.822s] -- Up-to-date: /media/psf/GitHub/rhea_ws/src/pi3hat_hardware_interface/install/pi3hat_hardware_interface/share/pi3hat_hardware_interface/cmake/pi3hat_hardware_interfaceConfig.cmake
[2.822s] -- Up-to-date: /media/psf/GitHub/rhea_ws/src/pi3hat_hardware_interface/install/pi3hat_hardware_interface/share/pi3hat_hardware_interface/cmake/pi3hat_hardware_interfaceConfig-version.cmake
[2.822s] -- Up-to-date: /media/psf/GitHub/rhea_ws/src/pi3hat_hardware_interface/install/pi3hat_hardware_interface/share/pi3hat_hardware_interface/package.xml
[2.825s] Invoked command in '/media/psf/GitHub/rhea_ws/src/pi3hat_hardware_interface/build/pi3hat_hardware_interface' returned '0': CMAKE_PREFIX_PATH=/opt/ros/humble CONDA_PROMPT_MODIFIER=(base) /usr/bin/cmake --install /media/psf/GitHub/rhea_ws/src/pi3hat_hardware_interface/build/pi3hat_hardware_interface
