[0.214s] DEBUG:colcon:Command line arguments: ['/usr/bin/colcon', 'build']
[0.215s] DEBUG:colcon:Parsed command line arguments: Namespace(log_base=None, log_level=None, verb_name='build', build_base='build', install_base='install', merge_install=False, symlink_install=False, test_result_base=None, continue_on_error=False, executor='parallel', parallel_workers=8, event_handlers=None, ignore_user_meta=False, metas=['./colcon.meta'], base_paths=['.'], packages_ignore=None, packages_ignore_regex=None, paths=None, packages_up_to=None, packages_up_to_regex=None, packages_above=None, packages_above_and_dependencies=None, packages_above_depth=None, packages_select_by_dep=None, packages_skip_by_dep=None, packages_skip_up_to=None, packages_select_build_failed=False, packages_skip_build_finished=False, packages_select_test_failures=False, packages_skip_test_passed=False, packages_select=None, packages_skip=None, packages_select_regex=None, packages_skip_regex=None, packages_start=None, packages_end=None, allow_overriding=[], cmake_args=None, cmake_target=None, cmake_target_skip_unavailable=False, cmake_clean_cache=False, cmake_clean_first=False, cmake_force_configure=False, ament_cmake_args=None, catkin_cmake_args=None, catkin_skip_building_tests=False, verb_parser=<colcon_defaults.argument_parser.defaults.DefaultArgumentsDecorator object at 0xffff94f2d780>, verb_extension=<colcon_core.verb.build.BuildVerb object at 0xffff95912140>, main=<bound method BuildVerb.main of <colcon_core.verb.build.BuildVerb object at 0xffff95912140>>)
[0.239s] Level 1:colcon.colcon_core.package_discovery:discover_packages(colcon_meta) check parameters
[0.240s] Level 1:colcon.colcon_core.package_discovery:discover_packages(recursive) check parameters
[0.240s] Level 1:colcon.colcon_core.package_discovery:discover_packages(ignore) check parameters
[0.240s] Level 1:colcon.colcon_core.package_discovery:discover_packages(path) check parameters
[0.240s] Level 1:colcon.colcon_core.package_discovery:discover_packages(colcon_meta) discover
[0.240s] Level 1:colcon.colcon_core.package_discovery:discover_packages(recursive) discover
[0.240s] INFO:colcon.colcon_core.package_discovery:Crawling recursively for packages in '/media/psf/GitHub/rhea_ws/src/pi3hat_hardware_interface'
[0.241s] Level 1:colcon.colcon_core.package_identification:_identify(.) by extensions ['ignore', 'ignore_ament_install']
[0.241s] Level 1:colcon.colcon_core.package_identification:_identify(.) by extension 'ignore'
[0.241s] Level 1:colcon.colcon_core.package_identification:_identify(.) by extension 'ignore_ament_install'
[0.241s] Level 1:colcon.colcon_core.package_identification:_identify(.) by extensions ['colcon_pkg']
[0.241s] Level 1:colcon.colcon_core.package_identification:_identify(.) by extension 'colcon_pkg'
[0.242s] Level 1:colcon.colcon_core.package_identification:_identify(.) by extensions ['colcon_meta']
[0.242s] Level 1:colcon.colcon_core.package_identification:_identify(.) by extension 'colcon_meta'
[0.242s] Level 1:colcon.colcon_core.package_identification:_identify(.) by extensions ['ros']
[0.242s] Level 1:colcon.colcon_core.package_identification:_identify(.) by extension 'ros'
[0.252s] DEBUG:colcon.colcon_core.package_identification:Package '.' with type 'ros.ament_cmake' and name 'pi3hat_hardware_interface'
[0.252s] Level 1:colcon.colcon_core.package_discovery:discover_packages(recursive) using defaults
[0.253s] Level 1:colcon.colcon_core.package_discovery:discover_packages(ignore) discover
[0.253s] Level 1:colcon.colcon_core.package_discovery:discover_packages(ignore) using defaults
[0.253s] Level 1:colcon.colcon_core.package_discovery:discover_packages(path) discover
[0.253s] Level 1:colcon.colcon_core.package_discovery:discover_packages(path) using defaults
[0.269s] Level 1:colcon.colcon_core.package_discovery:discover_packages(prefix_path) check parameters
[0.269s] Level 1:colcon.colcon_core.package_discovery:discover_packages(prefix_path) discover
[0.271s] DEBUG:colcon.colcon_installed_package_information.package_discovery:Found 310 installed packages in /opt/ros/humble
[0.273s] Level 1:colcon.colcon_core.package_discovery:discover_packages(prefix_path) using defaults
[0.319s] Level 5:colcon.colcon_core.verb:set package 'pi3hat_hardware_interface' build argument 'cmake_args' from command line to 'None'
[0.319s] Level 5:colcon.colcon_core.verb:set package 'pi3hat_hardware_interface' build argument 'cmake_target' from command line to 'None'
[0.319s] Level 5:colcon.colcon_core.verb:set package 'pi3hat_hardware_interface' build argument 'cmake_target_skip_unavailable' from command line to 'False'
[0.319s] Level 5:colcon.colcon_core.verb:set package 'pi3hat_hardware_interface' build argument 'cmake_clean_cache' from command line to 'False'
[0.319s] Level 5:colcon.colcon_core.verb:set package 'pi3hat_hardware_interface' build argument 'cmake_clean_first' from command line to 'False'
[0.319s] Level 5:colcon.colcon_core.verb:set package 'pi3hat_hardware_interface' build argument 'cmake_force_configure' from command line to 'False'
[0.319s] Level 5:colcon.colcon_core.verb:set package 'pi3hat_hardware_interface' build argument 'ament_cmake_args' from command line to 'None'
[0.319s] Level 5:colcon.colcon_core.verb:set package 'pi3hat_hardware_interface' build argument 'catkin_cmake_args' from command line to 'None'
[0.319s] Level 5:colcon.colcon_core.verb:set package 'pi3hat_hardware_interface' build argument 'catkin_skip_building_tests' from command line to 'False'
[0.320s] DEBUG:colcon.colcon_core.verb:Building package 'pi3hat_hardware_interface' with the following arguments: {'ament_cmake_args': None, 'build_base': '/media/psf/GitHub/rhea_ws/src/pi3hat_hardware_interface/build/pi3hat_hardware_interface', 'catkin_cmake_args': None, 'catkin_skip_building_tests': False, 'cmake_args': None, 'cmake_clean_cache': False, 'cmake_clean_first': False, 'cmake_force_configure': False, 'cmake_target': None, 'cmake_target_skip_unavailable': False, 'install_base': '/media/psf/GitHub/rhea_ws/src/pi3hat_hardware_interface/install/pi3hat_hardware_interface', 'merge_install': False, 'path': '/media/psf/GitHub/rhea_ws/src/pi3hat_hardware_interface', 'symlink_install': False, 'test_result_base': None}
[0.320s] INFO:colcon.colcon_core.executor:Executing jobs using 'parallel' executor
[0.322s] DEBUG:colcon.colcon_parallel_executor.executor.parallel:run_until_complete
[0.323s] INFO:colcon.colcon_ros.task.ament_cmake.build:Building ROS package in '/media/psf/GitHub/rhea_ws/src/pi3hat_hardware_interface' with build type 'ament_cmake'
[0.323s] INFO:colcon.colcon_cmake.task.cmake.build:Building CMake package in '/media/psf/GitHub/rhea_ws/src/pi3hat_hardware_interface'
[0.326s] INFO:colcon.colcon_core.plugin_system:Skipping extension 'colcon_core.shell.bat': Not used on non-Windows systems
[0.326s] INFO:colcon.colcon_core.shell:Skip shell extension 'powershell' for command environment: Not usable outside of PowerShell
[0.326s] DEBUG:colcon.colcon_core.shell:Skip shell extension 'dsv' for command environment
[0.342s] DEBUG:colcon.colcon_core.event_handler.log_command:Invoking command in '/media/psf/GitHub/rhea_ws/src/pi3hat_hardware_interface/build/pi3hat_hardware_interface': CMAKE_PREFIX_PATH=/opt/ros/humble CONDA_PROMPT_MODIFIER=(base) /usr/bin/cmake --build /media/psf/GitHub/rhea_ws/src/pi3hat_hardware_interface/build/pi3hat_hardware_interface -- -j8 -l8
[4.763s] DEBUG:colcon.colcon_core.event_handler.log_command:Invoked command in '/media/psf/GitHub/rhea_ws/src/pi3hat_hardware_interface/build/pi3hat_hardware_interface' returned '2': CMAKE_PREFIX_PATH=/opt/ros/humble CONDA_PROMPT_MODIFIER=(base) /usr/bin/cmake --build /media/psf/GitHub/rhea_ws/src/pi3hat_hardware_interface/build/pi3hat_hardware_interface -- -j8 -l8
[4.790s] Level 1:colcon.colcon_core.environment:create_environment_scripts_only(pi3hat_hardware_interface)
[4.793s] Level 1:colcon.colcon_core.environment:checking '/media/psf/GitHub/rhea_ws/src/pi3hat_hardware_interface/install/pi3hat_hardware_interface' for CMake module files
[4.798s] Level 1:colcon.colcon_core.environment:checking '/media/psf/GitHub/rhea_ws/src/pi3hat_hardware_interface/install/pi3hat_hardware_interface' for CMake config files
[4.799s] Level 1:colcon.colcon_core.shell:create_environment_hook('pi3hat_hardware_interface', 'cmake_prefix_path')
[4.800s] INFO:colcon.colcon_core.shell:Creating environment hook '/media/psf/GitHub/rhea_ws/src/pi3hat_hardware_interface/install/pi3hat_hardware_interface/share/pi3hat_hardware_interface/hook/cmake_prefix_path.ps1'
[4.802s] INFO:colcon.colcon_core.shell:Creating environment descriptor '/media/psf/GitHub/rhea_ws/src/pi3hat_hardware_interface/install/pi3hat_hardware_interface/share/pi3hat_hardware_interface/hook/cmake_prefix_path.dsv'
[4.803s] INFO:colcon.colcon_core.shell:Creating environment hook '/media/psf/GitHub/rhea_ws/src/pi3hat_hardware_interface/install/pi3hat_hardware_interface/share/pi3hat_hardware_interface/hook/cmake_prefix_path.sh'
[4.804s] Level 1:colcon.colcon_core.environment:checking '/media/psf/GitHub/rhea_ws/src/pi3hat_hardware_interface/install/pi3hat_hardware_interface/bin'
[4.805s] Level 1:colcon.colcon_core.environment:checking '/media/psf/GitHub/rhea_ws/src/pi3hat_hardware_interface/install/pi3hat_hardware_interface/lib/pkgconfig/pi3hat_hardware_interface.pc'
[4.805s] Level 1:colcon.colcon_core.environment:checking '/media/psf/GitHub/rhea_ws/src/pi3hat_hardware_interface/install/pi3hat_hardware_interface/lib/python3.10/site-packages'
[4.805s] Level 1:colcon.colcon_core.environment:checking '/media/psf/GitHub/rhea_ws/src/pi3hat_hardware_interface/install/pi3hat_hardware_interface/bin'
[4.806s] INFO:colcon.colcon_core.shell:Creating package script '/media/psf/GitHub/rhea_ws/src/pi3hat_hardware_interface/install/pi3hat_hardware_interface/share/pi3hat_hardware_interface/package.ps1'
[4.807s] INFO:colcon.colcon_core.shell:Creating package descriptor '/media/psf/GitHub/rhea_ws/src/pi3hat_hardware_interface/install/pi3hat_hardware_interface/share/pi3hat_hardware_interface/package.dsv'
[4.808s] INFO:colcon.colcon_core.shell:Creating package script '/media/psf/GitHub/rhea_ws/src/pi3hat_hardware_interface/install/pi3hat_hardware_interface/share/pi3hat_hardware_interface/package.sh'
[4.809s] INFO:colcon.colcon_core.shell:Creating package script '/media/psf/GitHub/rhea_ws/src/pi3hat_hardware_interface/install/pi3hat_hardware_interface/share/pi3hat_hardware_interface/package.bash'
[4.810s] INFO:colcon.colcon_core.shell:Creating package script '/media/psf/GitHub/rhea_ws/src/pi3hat_hardware_interface/install/pi3hat_hardware_interface/share/pi3hat_hardware_interface/package.zsh'
[4.811s] Level 1:colcon.colcon_core.environment:create_file_with_runtime_dependencies(/media/psf/GitHub/rhea_ws/src/pi3hat_hardware_interface/install/pi3hat_hardware_interface/share/colcon-core/packages/pi3hat_hardware_interface)
[4.823s] DEBUG:colcon.colcon_parallel_executor.executor.parallel:closing loop
[4.823s] DEBUG:colcon.colcon_parallel_executor.executor.parallel:loop closed
[4.823s] DEBUG:colcon.colcon_parallel_executor.executor.parallel:run_until_complete finished with '2'
[4.824s] DEBUG:colcon.colcon_core.event_reactor:joining thread
[4.828s] INFO:colcon.colcon_core.plugin_system:Skipping extension 'colcon_notification.desktop_notification.terminal_notifier': Not used on non-Darwin systems
[4.829s] INFO:colcon.colcon_core.plugin_system:Skipping extension 'colcon_notification.desktop_notification.win32': Not used on non-Windows systems
[4.829s] INFO:colcon.colcon_notification.desktop_notification:Sending desktop notification using 'notify2'
[4.840s] DEBUG:colcon.colcon_core.event_reactor:joined thread
[4.841s] INFO:colcon.colcon_core.shell:Creating prefix script '/media/psf/GitHub/rhea_ws/src/pi3hat_hardware_interface/install/local_setup.ps1'
[4.843s] INFO:colcon.colcon_core.shell:Creating prefix util module '/media/psf/GitHub/rhea_ws/src/pi3hat_hardware_interface/install/_local_setup_util_ps1.py'
[4.845s] INFO:colcon.colcon_core.shell:Creating prefix chain script '/media/psf/GitHub/rhea_ws/src/pi3hat_hardware_interface/install/setup.ps1'
[4.847s] INFO:colcon.colcon_core.shell:Creating prefix script '/media/psf/GitHub/rhea_ws/src/pi3hat_hardware_interface/install/local_setup.sh'
[4.849s] INFO:colcon.colcon_core.shell:Creating prefix util module '/media/psf/GitHub/rhea_ws/src/pi3hat_hardware_interface/install/_local_setup_util_sh.py'
[4.850s] INFO:colcon.colcon_core.shell:Creating prefix chain script '/media/psf/GitHub/rhea_ws/src/pi3hat_hardware_interface/install/setup.sh'
[4.852s] INFO:colcon.colcon_core.shell:Creating prefix script '/media/psf/GitHub/rhea_ws/src/pi3hat_hardware_interface/install/local_setup.bash'
[4.852s] INFO:colcon.colcon_core.shell:Creating prefix chain script '/media/psf/GitHub/rhea_ws/src/pi3hat_hardware_interface/install/setup.bash'
[4.854s] INFO:colcon.colcon_core.shell:Creating prefix script '/media/psf/GitHub/rhea_ws/src/pi3hat_hardware_interface/install/local_setup.zsh'
[4.855s] INFO:colcon.colcon_core.shell:Creating prefix chain script '/media/psf/GitHub/rhea_ws/src/pi3hat_hardware_interface/install/setup.zsh'
